<?xml version="1.0" encoding="UTF-8"?>
<testsuite xmlns:xsi="http://www.w3.org/2001/XMLSchema-instance" xsi:noNamespaceSchemaLocation="https://maven.apache.org/surefire/maven-surefire-plugin/xsd/surefire-test-report-3.0.xsd" version="3.0" name="wethinkco.de.ConsolidationTest" time="0.03" tests="7" errors="0" skipped="0" failures="0">
  <properties>
[...]
</properties>
  <testcase name="testFactorial" classname="wethinkco.de.ConsolidationTest" time="0.013"/>
  <testcase name="testCalculate" classname="wethinkco.de.ConsolidationTest" time="0.001"/>
  <testcase name="testFibonacciSequence" classname="wethinkco.de.ConsolidationTest" time="0.001"/>
  <testcase name="testIsPalindrome" classname="wethinkco.de.ConsolidationTest" time="0.003"/>
  <testcase name="testFizzBuzz" classname="wethinkco.de.ConsolidationTest" time="0.001"/>
  <testcase name="testFactorial2" classname="wethinkco.de.ConsolidationTest" time="0.001"/>
  <testcase name="testDrawTriangle" classname="wethinkco.de.ConsolidationTest" time="0"/>
</testsuite>